
> @poizon-market/ui-kit@0.1.0 build C:\POIZONMARKET\client\packages\ui-kit
> cross-env NODE_ENV=production npx tsup

[34mCLI[39m Building entry: src/index.ts
[34mCLI[39m Using tsconfig: tsconfig.json
[34mCLI[39m tsup v8.4.0
[34mCLI[39m Using tsup config: C:\POIZONMARKET\client\packages\ui-kit\tsup.config.ts
[34mCLI[39m Target: es2017
[34mCLI[39m Cleaning output folder
[34mCJS[39m Build start
[34mESM[39m Build start
[32mESM[39m [1mdist\index.mjs     [22m[32m7.23 KB[39m
[32mESM[39m [1mdist\index.mjs.map [22m[32m22.62 KB[39m
[32mESM[39m ⚡️ Build success in 153ms
[32mCJS[39m [1mdist\index.js     [22m[32m8.16 KB[39m
[32mCJS[39m [1mdist\index.js.map [22m[32m22.63 KB[39m
[32mCJS[39m ⚡️ Build success in 155ms
[34mDTS[39m Build start
[32mDTS[39m ⚡️ Build success in 1738ms
[32mDTS[39m [1mdist\index.d.ts  [22m[32m4.37 KB[39m
[32mDTS[39m [1mdist\index.d.mts [22m[32m4.37 KB[39m
